[debug] [2018-05-29T13:31:02.510Z] ----------------------------------------------------------------------
[debug] [2018-05-29T13:31:02.513Z] Command:       C:\Program Files\nodejs\node.exe C:\Users\Ronaldo\AppData\Roaming\npm\node_modules\firebase-tools\bin\firebase serve --only functions
[debug] [2018-05-29T13:31:02.514Z] CLI Version:   3.18.5
[debug] [2018-05-29T13:31:02.514Z] Platform:      win32
[debug] [2018-05-29T13:31:02.514Z] Node Version:  v8.11.2
[debug] [2018-05-29T13:31:02.514Z] Time:          Tue May 29 2018 10:31:02 GMT-0300 (Hora oficial do Brasil)
[debug] [2018-05-29T13:31:02.514Z] ----------------------------------------------------------------------
[debug] 
[debug] [2018-05-29T13:31:02.527Z] > command requires scopes: ["email","openid","https://www.googleapis.com/auth/cloudplatformprojects.readonly","https://www.googleapis.com/auth/firebase","https://www.googleapis.com/auth/cloud-platform"]
[debug] [2018-05-29T13:31:02.527Z] > authorizing via signed-in user
[debug] [2018-05-29T13:31:02.530Z] >>> HTTP REQUEST GET https://admin.firebase.com/v1/projects/bora-ajudar-89  
  
 Tue May 29 2018 10:31:02 GMT-0300 (Hora oficial do Brasil)
[debug] [2018-05-29T13:31:03.893Z] <<< HTTP RESPONSE 200
[debug] [2018-05-29T13:31:03.895Z] >>> HTTP REQUEST GET https://admin.firebase.com/v1/database/bora-ajudar-89/tokens  
  
 Tue May 29 2018 10:31:03 GMT-0300 (Hora oficial do Brasil)
[debug] [2018-05-29T13:31:04.528Z] <<< HTTP RESPONSE 200
[debug] [2018-05-29T13:31:04.529Z] >>> HTTP REQUEST GET https://cloudresourcemanager.googleapis.com/v1/projects/bora-ajudar-89  
  
 Tue May 29 2018 10:31:04 GMT-0300 (Hora oficial do Brasil)
[debug] [2018-05-29T13:31:05.504Z] <<< HTTP RESPONSE 200
[info] 
[info] === Serving from 'C:\projetos\bora-ajudar'...
[info] 
[info] i  functions: Preparing to emulate functions.
[debug] [2018-05-29T13:31:06.612Z] Fetching environment
[debug] [2018-05-29T13:31:06.614Z] >>> HTTP REQUEST GET https://mobilesdk-pa.googleapis.com/v1/projects/266929305262:getServerAppConfig  
  
 Tue May 29 2018 10:31:06 GMT-0300 (Hora oficial do Brasil)
[debug] [2018-05-29T13:31:07.106Z] <<< HTTP RESPONSE 200
[debug] [2018-05-29T13:31:07.107Z] Starting @google-cloud/functions-emulator
[debug] [2018-05-29T13:31:09.192Z] Parsing function triggers
[info] +  functions: api: http://localhost:5000/bora-ajudar-89/us-central1/api
